<?xml version="1.0" encoding="UTF-8"?>
<testng-results ignored="0" total="1" passed="1" failed="0" skipped="0">
  <reporter-output>
  </reporter-output>
  <suite started-at="2023-12-18T17:30:41 IST" name="Default suite" finished-at="2023-12-18T17:30:57 IST" duration-ms="16272">
    <groups>
    </groups>
    <test started-at="2023-12-18T17:30:41 IST" name="Default test" finished-at="2023-12-18T17:30:57 IST" duration-ms="16272">
      <class name="com.MyStore.testCases.LoginTestCase">
        <test-method is-config="true" signature="loadConfig()[pri:0, instance:com.MyStore.testCases.LoginTestCase@5f049ea1]" started-at="2023-12-18T17:30:41 IST" name="loadConfig" finished-at="2023-12-18T17:30:41 IST" duration-ms="16" status="PASS">
          <reporter-output>
          </reporter-output>
        </test-method> <!-- loadConfig -->
        <test-method is-config="true" signature="setup()[pri:0, instance:com.MyStore.testCases.LoginTestCase@5f049ea1]" started-at="2023-12-18T17:30:41 IST" name="setup" finished-at="2023-12-18T17:30:54 IST" duration-ms="13161" status="PASS">
          <reporter-output>
          </reporter-output>
        </test-method> <!-- setup -->
        <test-method signature="loginTest()[pri:0, instance:com.MyStore.testCases.LoginTestCase@5f049ea1]" started-at="2023-12-18T17:30:54 IST" name="loginTest" finished-at="2023-12-18T17:30:57 IST" duration-ms="2583" status="PASS">
          <reporter-output>
          </reporter-output>
        </test-method> <!-- loginTest -->
        <test-method is-config="true" signature="tearDown()[pri:0, instance:com.MyStore.testCases.LoginTestCase@5f049ea1]" started-at="2023-12-18T17:30:57 IST" name="tearDown" finished-at="2023-12-18T17:30:57 IST" duration-ms="443" status="PASS">
          <reporter-output>
          </reporter-output>
        </test-method> <!-- tearDown -->
      </class> <!-- com.MyStore.testCases.LoginTestCase -->
    </test> <!-- Default test -->
  </suite> <!-- Default suite -->
</testng-results>
