<?xml version="1.0" encoding="UTF-8"?>
<testng-results ignored="0" total="2" passed="2" failed="0" skipped="0">
  <reporter-output>
  </reporter-output>
  <suite started-at="2023-12-20T17:21:14 IST" name="MyShop Test Suite" finished-at="2023-12-20T17:22:02 IST" duration-ms="48713">
    <groups>
      <group name="Sanity">
        <method signature="AddToCartTestCase_MoreTC.addToCartTest()[pri:0, instance:com.MyStore.testCases.AddToCartTestCase_MoreTC@31ea9581]" name="addToCartTest" class="com.MyStore.testCases.AddToCartTestCase_MoreTC"/>
      </group> <!-- Sanity -->
      <group name="Regression">
        <method signature="AddToCartTestCase_MoreTC.addToCartTest()[pri:0, instance:com.MyStore.testCases.AddToCartTestCase_MoreTC@31ea9581]" name="addToCartTest" class="com.MyStore.testCases.AddToCartTestCase_MoreTC"/>
        <method signature="OrderPageTestCase.verifyPriceTest()[pri:0, instance:com.MyStore.testCases.OrderPageTestCase@231f98ef]" name="verifyPriceTest" class="com.MyStore.testCases.OrderPageTestCase"/>
      </group> <!-- Regression -->
    </groups>
    <test started-at="2023-12-20T17:21:14 IST" name="MyShop Test" finished-at="2023-12-20T17:22:02 IST" duration-ms="48713">
      <class name="com.MyStore.testCases.OrderPageTestCase">
        <test-method is-config="true" signature="setup()[pri:0, instance:com.MyStore.testCases.OrderPageTestCase@231f98ef]" started-at="2023-12-20T17:21:33 IST" name="setup" finished-at="2023-12-20T17:21:42 IST" duration-ms="9502" status="PASS">
          <reporter-output>
          </reporter-output>
        </test-method> <!-- setup -->
        <test-method signature="verifyPriceTest()[pri:0, instance:com.MyStore.testCases.OrderPageTestCase@231f98ef]" started-at="2023-12-20T17:21:42 IST" name="verifyPriceTest" finished-at="2023-12-20T17:22:02 IST" duration-ms="19642" status="PASS">
          <reporter-output>
          </reporter-output>
        </test-method> <!-- verifyPriceTest -->
        <test-method is-config="true" signature="tearDown()[pri:0, instance:com.MyStore.testCases.OrderPageTestCase@231f98ef]" started-at="2023-12-20T17:22:02 IST" name="tearDown" finished-at="2023-12-20T17:22:02 IST" duration-ms="578" status="PASS">
          <reporter-output>
          </reporter-output>
        </test-method> <!-- tearDown -->
      </class> <!-- com.MyStore.testCases.OrderPageTestCase -->
      <class name="com.MyStore.testCases.IndexTestCase">
        <test-method is-config="true" signature="loadConfig()[pri:0, instance:com.MyStore.testCases.IndexTestCase@5386659f]" started-at="2023-12-20T17:21:14 IST" name="loadConfig" finished-at="2023-12-20T17:21:14 IST" duration-ms="21" status="PASS">
          <reporter-output>
          </reporter-output>
        </test-method> <!-- loadConfig -->
      </class> <!-- com.MyStore.testCases.IndexTestCase -->
      <class name="com.MyStore.testCases.AddToCartTestCase_MoreTC">
        <test-method is-config="true" signature="setup()[pri:0, instance:com.MyStore.testCases.AddToCartTestCase_MoreTC@31ea9581]" started-at="2023-12-20T17:21:14 IST" name="setup" finished-at="2023-12-20T17:21:30 IST" duration-ms="16290" status="PASS">
          <reporter-output>
          </reporter-output>
        </test-method> <!-- setup -->
        <test-method signature="addToCartTest()[pri:0, instance:com.MyStore.testCases.AddToCartTestCase_MoreTC@31ea9581]" started-at="2023-12-20T17:21:30 IST" name="addToCartTest" finished-at="2023-12-20T17:21:32 IST" duration-ms="1874" status="PASS">
          <reporter-output>
          </reporter-output>
        </test-method> <!-- addToCartTest -->
        <test-method is-config="true" signature="tearDown()[pri:0, instance:com.MyStore.testCases.AddToCartTestCase_MoreTC@31ea9581]" started-at="2023-12-20T17:21:32 IST" name="tearDown" finished-at="2023-12-20T17:21:33 IST" duration-ms="723" status="PASS">
          <reporter-output>
          </reporter-output>
        </test-method> <!-- tearDown -->
      </class> <!-- com.MyStore.testCases.AddToCartTestCase_MoreTC -->
    </test> <!-- MyShop Test -->
  </suite> <!-- MyShop Test Suite -->
</testng-results>
