<?xml version="1.0" encoding="UTF-8"?>
<!-- Generated by org.testng.reporters.JUnitReportReporter -->
<testsuite hostname="VDC1ODCD200101" failures="0" tests="2" name="com.MyStore.testCases.HomepageTestCase" time="23.238" errors="0" timestamp="2023-12-20T17:08:34 IST" skipped="0">
  <testcase classname="com.MyStore.testCases.HomepageTestCase" name="oderHistoryTest" time="11.445"/>
  <testcase classname="com.MyStore.testCases.HomepageTestCase" name="personalInformationTest" time="11.793"/>
</testsuite> <!-- com.MyStore.testCases.HomepageTestCase -->
