<?xml version="1.0" encoding="UTF-8"?>
<!-- Generated by org.testng.reporters.JUnitReportReporter -->
<testsuite hostname="VDC1ODCD200101" failures="0" tests="2" name="com.MyStore.testCases.IndexTestCase" time="26.016" errors="0" timestamp="2023-12-18T17:17:35 IST" skipped="0">
  <testcase classname="com.MyStore.testCases.IndexTestCase" name="validateLogo" time="15.908"/>
  <testcase classname="com.MyStore.testCases.IndexTestCase" name="verifyTitle" time="10.108"/>
</testsuite> <!-- com.MyStore.testCases.IndexTestCase -->
