<?xml version="1.0" encoding="UTF-8"?>
<!-- Generated by org.testng.reporters.JUnitReportReporter -->
<testsuite hostname="VDC1ODCD200101" failures="0" tests="4" name="com.MyStore.testCases.loginDDT" time="0.113" errors="0" timestamp="2023-12-20T12:30:44 IST" skipped="0">
  <testcase classname="com.MyStore.testCases.loginDDT" name="LoginTest" time="0.004"/>
  <testcase classname="com.MyStore.testCases.loginDDT" name="LoginTest" time="0.003"/>
  <testcase classname="com.MyStore.testCases.loginDDT" name="LoginTest" time="0.069"/>
  <testcase classname="com.MyStore.testCases.loginDDT" name="LoginTest" time="0.037"/>
</testsuite> <!-- com.MyStore.testCases.loginDDT -->
