<?xml version="1.0" encoding="UTF-8"?>
<!-- Generated by org.testng.reporters.JUnitXMLReporter -->
<testsuite ignored="7" hostname="VDC1ODCD200101" failures="0" tests="10" name="MyShop Test" time="162.686" errors="0" timestamp="2023-12-18T17:17:34 IST">
  <testcase classname="com.MyStore.testCases.IndexTestCase" name="validateLogo" time="2.554"/>
  <testcase classname="com.MyStore.testCases.IndexTestCase" name="verifyTitle" time="0.083"/>
  <testcase classname="com.MyStore.testCases.LoginTestCase" name="loginTest" time="3.401"/>
  <testcase classname="com.MyStore.testCases.HomepageTestCase" name="oderHistoryTest" time="3.39"/>
  <testcase classname="com.MyStore.testCases.HomepageTestCase" name="personalInformationTest" time="2.653"/>
  <testcase classname="com.MyStore.testCases.AccountCreationPageTestCase" name="verifyAccountCreationTest" time="2.808"/>
  <testcase classname="com.MyStore.testCases.SearchResultPageTestCase" name="productAvailabilityTest" time="1.772"/>
  <testcase classname="com.MyStore.testCases.MorepageTestCase" name="MorePageTest" time="6.792"/>
  <testcase classname="com.MyStore.testCases.AddToCartTestCase_MoreTC" name="addToCartTest" time="3.154"/>
  <testcase classname="com.MyStore.testCases.OrderPageTestCase" name="verifyPriceTest" time="39.475"/>
  <testcase classname="com.MyStore.baseClass.BaseClass" name="@BeforeTest loadConfig" time="0.0">
    <ignored/>
  </testcase> <!-- @BeforeTest loadConfig -->
  <testcase classname="com.MyStore.baseClass.BaseClass" name="@BeforeTest loadConfig" time="0.0">
    <ignored/>
  </testcase> <!-- @BeforeTest loadConfig -->
  <testcase classname="com.MyStore.baseClass.BaseClass" name="@BeforeTest loadConfig" time="0.0">
    <ignored/>
  </testcase> <!-- @BeforeTest loadConfig -->
  <testcase classname="com.MyStore.baseClass.BaseClass" name="@BeforeTest loadConfig" time="0.0">
    <ignored/>
  </testcase> <!-- @BeforeTest loadConfig -->
  <testcase classname="com.MyStore.baseClass.BaseClass" name="@BeforeTest loadConfig" time="0.0">
    <ignored/>
  </testcase> <!-- @BeforeTest loadConfig -->
  <testcase classname="com.MyStore.baseClass.BaseClass" name="@BeforeTest loadConfig" time="0.0">
    <ignored/>
  </testcase> <!-- @BeforeTest loadConfig -->
  <testcase classname="com.MyStore.baseClass.BaseClass" name="@BeforeTest loadConfig" time="0.0">
    <ignored/>
  </testcase> <!-- @BeforeTest loadConfig -->
</testsuite> <!-- MyShop Test -->
