<?xml version="1.0" encoding="UTF-8"?>
<!-- Generated by org.testng.reporters.JUnitXMLReporter -->
<testsuite ignored="3" hostname="Tom" failures="1" tests="6" name="MyShop Test" time="75.249" errors="0" timestamp="2023-12-15T01:08:49 IST">
  <testcase classname="com.MyStore.testCases.IndexTestCase" name="validateLogo" time="0.24"/>
  <testcase classname="com.MyStore.testCases.IndexTestCase" name="verifyTitle" time="0.031">
    <failure type="java.lang.AssertionError" message="expected [My Shop] but found [www.automationpractice.pl]">
      <![CDATA[java.lang.AssertionError: expected [My Shop] but found [www.automationpractice.pl]
at com.MyStore.testCases.IndexTestCase.verifyTitle(IndexTestCase.java:35)
at java.base/java.util.ArrayList.forEach(ArrayList.java:1511)
... Removed 33 stack frames]]>
    </failure>
  </testcase> <!-- verifyTitle -->
  <testcase classname="com.MyStore.testCases.LoginTestCase" name="loginTest" time="2.728"/>
  <testcase classname="com.MyStore.testCases.HomepageTestCase" name="oderHistoryTest" time="3.132"/>
  <testcase classname="com.MyStore.testCases.HomepageTestCase" name="personalInformationTest" time="3.841"/>
  <testcase classname="com.MyStore.testCases.AccountCreationPageTestCase" name="verifyAccountCreationTest" time="2.681"/>
  <testcase classname="com.MyStore.baseClass.BaseClass" name="@BeforeTest loadConfig" time="0.0">
    <ignored/>
  </testcase> <!-- @BeforeTest loadConfig -->
  <testcase classname="com.MyStore.baseClass.BaseClass" name="@BeforeTest loadConfig" time="0.0">
    <ignored/>
  </testcase> <!-- @BeforeTest loadConfig -->
  <testcase classname="com.MyStore.baseClass.BaseClass" name="@BeforeTest loadConfig" time="0.0">
    <ignored/>
  </testcase> <!-- @BeforeTest loadConfig -->
</testsuite> <!-- MyShop Test -->
