<?xml version="1.0" encoding="UTF-8"?>
<!-- Generated by org.testng.reporters.JUnitXMLReporter -->
<testsuite ignored="1" hostname="Tom" failures="0" tests="1" name="Default test" time="20.479" errors="0" timestamp="2024-01-27T15:09:57 IST">
  <testcase classname="com.MyStore.testCases.HomepageTestCase" name="oderHistoryTest" time="14.237"/>
  <testcase classname="com.MyStore.testCases.HomepageTestCase" name="personalInformationTest" time="0.0">
    <ignored/>
  </testcase> <!-- personalInformationTest -->
</testsuite> <!-- Default test -->
