<?xml version="1.0" encoding="UTF-8"?>
<!-- Generated by org.testng.reporters.JUnitXMLReporter -->
<testsuite ignored="0" hostname="VDC1ODCD200101" failures="0" tests="4" name="Default test" time="1.789" errors="0" timestamp="2023-12-20T12:30:43 IST">
  <testcase classname="com.MyStore.testCases.loginDDT" name="LoginTest" time="0.037"/>
  <testcase classname="com.MyStore.testCases.loginDDT" name="LoginTest" time="0.004"/>
  <testcase classname="com.MyStore.testCases.loginDDT" name="LoginTest" time="0.003"/>
  <testcase classname="com.MyStore.testCases.loginDDT" name="LoginTest" time="0.069"/>
</testsuite> <!-- Default test -->
